<?xml version="1.0" encoding="UTF-8"?>
<testng-results ignored="0" total="2" passed="1" failed="1" skipped="0">
  <reporter-output>
  </reporter-output>
  <suite started-at="2022-09-07T19:37:22 IST" name="Default suite" finished-at="2022-09-07T19:39:00 IST" duration-ms="97680">
    <groups>
      <group name="regression">
        <method signature="TestBaseTest.verifyMenlinkTest()[pri:0, instance:TestCases.TestBaseTest@4803b726]" name="verifyMenlinkTest" class="TestCases.TestBaseTest"/>
      </group> <!-- regression -->
      <group name="sanity">
        <method signature="TestBaseTest.verifyMenlinkTest()[pri:0, instance:TestCases.TestBaseTest@4803b726]" name="verifyMenlinkTest" class="TestCases.TestBaseTest"/>
      </group> <!-- sanity -->
    </groups>
    <test started-at="2022-09-07T19:37:22 IST" name="Default test" finished-at="2022-09-07T19:39:00 IST" duration-ms="97680">
      <class name="TestCases.TestBaseTest">
        <test-method is-config="true" signature="setup()[pri:0, instance:TestCases.TestBaseTest@4803b726]" started-at="2022-09-07T19:37:22 IST" name="setup" finished-at="2022-09-07T19:38:21 IST" duration-ms="59405" status="PASS">
          <reporter-output>
          </reporter-output>
        </test-method> <!-- setup -->
        <test-method signature="verifyMenlinkTest()[pri:0, instance:TestCases.TestBaseTest@4803b726]" started-at="2022-09-07T19:38:21 IST" name="verifyMenlinkTest" finished-at="2022-09-07T19:38:36 IST" duration-ms="14316" status="PASS">
          <reporter-output>
          </reporter-output>
        </test-method> <!-- verifyMenlinkTest -->
        <test-method is-config="true" signature="exit(org.testng.ITestResult)[pri:0, instance:TestCases.TestBaseTest@4803b726]" started-at="2022-09-07T19:38:36 IST" name="exit" finished-at="2022-09-07T19:38:38 IST" duration-ms="2217" status="PASS">
          <params>
            <param index="0">
              <value>
                <![CDATA[[TestResult name=verifyMenlinkTest status=SUCCESS method=TestBaseTest.verifyMenlinkTest()[pri:0, instance:TestCases.TestBaseTest@4803b726] output={null}]]]>
              </value>
            </param>
          </params>
          <reporter-output>
          </reporter-output>
        </test-method> <!-- exit -->
        <test-method is-config="true" signature="setup()[pri:0, instance:TestCases.TestBaseTest@4803b726]" started-at="2022-09-07T19:38:38 IST" name="setup" finished-at="2022-09-07T19:38:59 IST" duration-ms="20479" status="PASS">
          <reporter-output>
          </reporter-output>
        </test-method> <!-- setup -->
        <test-method signature="verifyMenlinkTextTest()[pri:0, instance:TestCases.TestBaseTest@4803b726]" started-at="2022-09-07T19:38:59 IST" name="verifyMenlinkTextTest" finished-at="2022-09-07T19:38:59 IST" duration-ms="106" status="FAIL">
          <exception class="java.lang.AssertionError">
            <message>
              <![CDATA[expected [Men] but found [MEN]]]>
            </message>
            <full-stacktrace>
              <![CDATA[java.lang.AssertionError: expected [Men] but found [MEN]
at org.testng.Assert.fail(Assert.java:110)
at org.testng.Assert.failNotEquals(Assert.java:1413)
at org.testng.Assert.assertEqualsImpl(Assert.java:149)
at org.testng.Assert.assertEquals(Assert.java:131)
at org.testng.Assert.assertEquals(Assert.java:655)
at org.testng.Assert.assertEquals(Assert.java:665)
at TestCases.TestBaseTest.verifyMenlinkTextTest(TestBaseTest.java:37)
at java.base/jdk.internal.reflect.NativeMethodAccessorImpl.invoke0(Native Method)
at java.base/jdk.internal.reflect.NativeMethodAccessorImpl.invoke(NativeMethodAccessorImpl.java:62)
at java.base/jdk.internal.reflect.DelegatingMethodAccessorImpl.invoke(DelegatingMethodAccessorImpl.java:43)
at java.base/java.lang.reflect.Method.invoke(Method.java:566)
at org.testng.internal.invokers.MethodInvocationHelper.invokeMethod(MethodInvocationHelper.java:135)
at org.testng.internal.invokers.TestInvoker.invokeMethod(TestInvoker.java:673)
at org.testng.internal.invokers.TestInvoker.invokeTestMethod(TestInvoker.java:220)
at org.testng.internal.invokers.MethodRunner.runInSequence(MethodRunner.java:50)
at org.testng.internal.invokers.TestInvoker$MethodInvocationAgent.invoke(TestInvoker.java:945)
at org.testng.internal.invokers.TestInvoker.invokeTestMethods(TestInvoker.java:193)
at org.testng.internal.invokers.TestMethodWorker.invokeTestMethods(TestMethodWorker.java:146)
at org.testng.internal.invokers.TestMethodWorker.run(TestMethodWorker.java:128)
at java.base/java.util.ArrayList.forEach(ArrayList.java:1541)
at org.testng.TestRunner.privateRun(TestRunner.java:808)
at org.testng.TestRunner.run(TestRunner.java:603)
at org.testng.SuiteRunner.runTest(SuiteRunner.java:429)
at org.testng.SuiteRunner.runSequentially(SuiteRunner.java:423)
at org.testng.SuiteRunner.privateRun(SuiteRunner.java:383)
at org.testng.SuiteRunner.run(SuiteRunner.java:326)
at org.testng.SuiteRunnerWorker.runSuite(SuiteRunnerWorker.java:52)
at org.testng.SuiteRunnerWorker.run(SuiteRunnerWorker.java:95)
at org.testng.TestNG.runSuitesSequentially(TestNG.java:1249)
at org.testng.TestNG.runSuitesLocally(TestNG.java:1169)
at org.testng.TestNG.runSuites(TestNG.java:1092)
at org.testng.TestNG.run(TestNG.java:1060)
at org.testng.remote.AbstractRemoteTestNG.run(AbstractRemoteTestNG.java:115)
at org.testng.remote.RemoteTestNG.initAndRun(RemoteTestNG.java:251)
at org.testng.remote.RemoteTestNG.main(RemoteTestNG.java:77)
]]>
            </full-stacktrace>
          </exception> <!-- java.lang.AssertionError -->
          <reporter-output>
          </reporter-output>
        </test-method> <!-- verifyMenlinkTextTest -->
        <test-method is-config="true" signature="exit(org.testng.ITestResult)[pri:0, instance:TestCases.TestBaseTest@4803b726]" started-at="2022-09-07T19:38:59 IST" name="exit" finished-at="2022-09-07T19:39:00 IST" duration-ms="1009" status="PASS">
          <params>
            <param index="0">
              <value>
                <![CDATA[[TestResult name=verifyMenlinkTextTest status=FAILURE method=TestBaseTest.verifyMenlinkTextTest()[pri:0, instance:TestCases.TestBaseTest@4803b726] output={null}]]]>
              </value>
            </param>
          </params>
          <reporter-output>
          </reporter-output>
        </test-method> <!-- exit -->
      </class> <!-- TestCases.TestBaseTest -->
    </test> <!-- Default test -->
  </suite> <!-- Default suite -->
</testng-results>
